<testsuite failures="0" name="Test/OrderPickedUP_CSVData.feature" skipped="0" tests="1" time="33.192179">
  <testcase classname="Test.OrderPickedUP_CSVData" name="'CSV_Data_Testcase'" time="33.192179">
    <system-out>* def request_uuid = eventID1 ............................................. passed
* def request_Date = date ................................................. passed
* print request_Date ...................................................... passed
* print rd1 = rd1 ......................................................... passed
* print rd1 ............................................................... passed
* def startDate = startDate ............................................... passed
* print "StartDate:"+ startDate ........................................... passed
* def endDate = endDate ................................................... passed
* print "EndDate:"+ endDate ............................................... passed
* def Event_Type = "OrderPickedUp" ........................................ passed
* def Datalist = '5' ...................................................... passed
* def Expected_sms = "Your T-Mobile order# " + rd1 + " has shipped! Visit t-mo.co/shipment to check status of your order. Visit t-mo.co/guide for tips to set-up your new device." . passed
* def history_url = history ............................................... passed
* print "history_url:"+ history_url ....................................... passed
* def data = read('classpath:OrderPickedUP.json') ......................... passed
* def ExpShipping_StateCode = 'TX' ........................................ passed
* def ExpShipping_Country = 'US' .......................................... passed
* def ExpTemplateID = 'ORDERSHIPPEDNOTRADEIN' ............................. passed
* def EventType = 'OrderPickedUp' ......................................... passed
* def Deepresponse = call read('../SubProcess/Deep_SubProcess.feature') ... passed
* match  Deepresponse.DeepStatus == "Passed" .............................. passed
* def HistoryData = call read('../SubProcess/History_Subprocess.feature') . passed
* def HistoryResponse = HistoryData.req ................................... passed
* def SMS_Data = call read('../SubProcess/SMS_Subprocess.feature') ........ passed
* def extracted_sms = SMS_Data.extracted_sms .............................. passed
* def extracted_sms1 = SMS_Data.extracted_sms1 ............................ passed
* match extracted_sms == Expected_sms ..................................... passed
* match extracted_sms1 == Expected_sms .................................... passed
* def Email_Data = call read('../SubProcess/Email_Subprocess.feature') .... passed
* def actualShippingStateCode =   Email_Data.actualShippingStateCode ...... passed
* def actualShippingCountry =   Email_Data.actualShippingCountry .......... passed
* def actualTemplateId =   Email_Data.actualTemplateId .................... passed
* def actualShippingStateCode_1 =   Email_Data.actualShippingStateCode_1 .. passed
* def actualShippingCountry1 =   Email_Data.actualShippingCountry1 ........ passed
* def actualTemplateId1 =   Email_Data.actualTemplateId1 .................. passed
* print  ExpShipping_StateCode ............................................ passed
* print ExpShipping_Country ............................................... passed
* print ExpTemplateID ..................................................... passed
* match actualShippingStateCode == ExpShipping_StateCode .................. passed
* match actualShippingCountry == ExpShipping_Country ...................... passed
* match actualTemplateId == ExpTemplateID ................................. passed
* match actualShippingStateCode_1 == ExpShipping_StateCode ................ passed
* match actualShippingCountry1 == ExpShipping_Country ..................... passed
* match actualTemplateId1 == ExpTemplateID ................................ passed</system-out>
  </testcase>
</testsuite>
